Arguments: 
  /usr/local/Cellar/node/9.10.1/bin/node /usr/local/bin/yarn test

PATH: 
  /usr/local/opt/libiconv/bin:/usr/local/opt/libxml2/bin:/Users/nozomi/.rbenv/shims:/Users/nozomi/.rbenv/bin:/usr/local/Cellar/pyenv-virtualenv/1.1.1/shims:/Users/nozomi/.pyenv/shims:/Users/nozomi/.pyenv/bin:/usr/local/bin:/usr/bin:/bin:/usr/sbin:/sbin:/Applications/Wireshark.app/Contents/MacOS:/Users/nozomi/.go/bin

Yarn version: 
  1.5.1

Node version: 
  9.10.1

Platform: 
  darwin x64

npm manifest: 
  {
    "name": "CircleCITest",
    "version": "1.0.0",
    "main": "index.js",
    "repository": "https://github.com/nozomi0966/CircleCITest.git",
    "author": "nozomi0966 <nozomotoitech@gmail.com>",
    "license": "MIT"
  }

yarn manifest: 
  No manifest

Lockfile: 
  No lockfile

Trace: 
  Error: Command "test" not found.
      at new MessageError (/usr/local/lib/node_modules/yarn/lib/cli.js:186:110)
      at /usr/local/lib/node_modules/yarn/lib/cli.js:87307:17
      at Generator.next (<anonymous>)
      at step (/usr/local/lib/node_modules/yarn/lib/cli.js:98:30)
      at /usr/local/lib/node_modules/yarn/lib/cli.js:116:14
      at new Promise (<anonymous>)
      at new F (/usr/local/lib/node_modules/yarn/lib/cli.js:23451:28)
      at /usr/local/lib/node_modules/yarn/lib/cli.js:95:12
      at runCommand (/usr/local/lib/node_modules/yarn/lib/cli.js:87312:22)
      at Object.<anonymous> (/usr/local/lib/node_modules/yarn/lib/cli.js:87412:14)
